Mon, 29 Jul 2019 14:47:07 log.py[line:22] INFO 验证测试数据哈哈哈
Mon, 29 Jul 2019 14:47:14 log.py[line:22] INFO 定位类型xpath,定位地址//*[@id="root"]/div/div[2]/div[2]/div[2]/form/div[1]/div/div/span/span/input
Mon, 29 Jul 2019 14:47:14 log.py[line:22] INFO 定位类型xpath,定位地址//*[@id="root"]/div/div[2]/div[2]/div[2]/form/div[2]/div/div/span/span/input
Mon, 29 Jul 2019 14:47:14 log.py[line:22] INFO 定位类型xpath,定位地址//*[@id="root"]/div/div[2]/div[2]/div[2]/form/div[3]/div/div/span/div/div/div
Mon, 29 Jul 2019 14:47:15 log.py[line:22] INFO 定位类型xpath,定位地址//li[contains(text(),'收费大屏')]
Mon, 29 Jul 2019 14:47:18 log.py[line:22] INFO 定位类型xpath,定位地址//span[contains(text(),'登 录')]/..
Mon, 29 Jul 2019 14:47:21 log.py[line:22] INFO 定位类型xpath,定位地址//div[contains(text(),'基础服务')]
Mon, 29 Jul 2019 14:47:23 log.py[line:22] INFO 输入的测试数据:  第1行   第1列  内容0
Mon, 29 Jul 2019 14:47:23 log.py[line:22] INFO 返回配置的元素定位信息{'announcement.page': "xpath>//span[contains(text(),'小区信息管理')]", 'announcement.list': 'xpath>//*[@id="0$Menu"]/li[1]', 'announcement.analysis': "xpath>//span[contains(text(),'公告分析')]", 'announcement.page.communityselect': 'xpath>//li[@role="option"]', 'lableprompt1': "xpath>//li[contains(text(),'温馨提示')]", 'announcement.page.communitynotice': "xpath>//li[contains(text(),'紧急通知')]", 'announcement.page.communitypropaganda': "xpath>//li[contains(text(),'小区宣传')]", 'announcement.page.communityactivity': "xpath>//li[contains(text(),'小区活动')]", 'announcement.page,lableinput': 'xpath>//input[@placeholder="请输入标题内容"]', 'add_announcement_button': "xpath>//span[contains(text(),'新建公告')]/..", 'add_announcement_inputlable': 'xpath>//input[@placeholder="请输入标题"]', 'add_announcement_inputissuer': 'xpath>//input[@placeholder="请输入发布方"]', 'set_lable_announcement': 'xpath>//*[@id="layout"]/div/div/div/div[2]/div[1]/form/div[3]/div[2]/div/span/div/div', 'add_announcement_inputcover': 'xpath>//input[@type="file"]', 'add_announcement_div': 'xpath>//*[@id="layout"]/div/div/div/div[2]/div[1]/form/div[7]/div[2]/div/span/div/div/div[2]/div/div/div', 'save_announcement': "xpath>//span[contains(text(),'保 存')]/..", 'preview_announcement': "xpath>//span[contains(text(),'预 览')]/..", 'return_announcement': 'xpath>//html/body/div[2]/div/div[2]/div/div[2]/button', 'release_announcement': "xpath>//span[contains(text(),'发 布')]/..", 'cancel_announcement': "xpath>//span[contains(text(),'取 消')]/..", 'announcement_table': 'xpath>//table/tbody'}
Mon, 29 Jul 2019 14:47:23 log.py[line:22] INFO 定位类型xpath,定位地址//table/tbody
Mon, 29 Jul 2019 15:11:14 log.py[line:22] INFO 验证测试数据哈哈哈
Mon, 29 Jul 2019 15:11:20 log.py[line:22] INFO 定位类型xpath,定位地址//*[@id="root"]/div/div[2]/div[2]/div[2]/form/div[1]/div/div/span/span/input
Mon, 29 Jul 2019 15:11:20 log.py[line:22] INFO 定位类型xpath,定位地址//*[@id="root"]/div/div[2]/div[2]/div[2]/form/div[2]/div/div/span/span/input
Mon, 29 Jul 2019 15:11:20 log.py[line:22] INFO 定位类型xpath,定位地址//*[@id="root"]/div/div[2]/div[2]/div[2]/form/div[3]/div/div/span/div/div/div
Mon, 29 Jul 2019 15:11:21 log.py[line:22] INFO 定位类型xpath,定位地址//li[contains(text(),'收费大屏')]
Mon, 29 Jul 2019 15:11:24 log.py[line:22] INFO 定位类型xpath,定位地址//span[contains(text(),'登 录')]/..
Mon, 29 Jul 2019 15:11:27 log.py[line:22] INFO 定位类型xpath,定位地址//div[contains(text(),'基础服务')]
Mon, 29 Jul 2019 15:11:30 log.py[line:22] INFO 输入的测试数据:  标题自动发布服务公示101   标签发布人  内容资质公示
Mon, 29 Jul 2019 15:11:30 log.py[line:14] DEBUG 创建公告错误Enter_the_public() takes 1 positional argument but 2 were given
Mon, 29 Jul 2019 15:13:27 log.py[line:22] INFO 验证测试数据哈哈哈
Mon, 29 Jul 2019 15:13:33 log.py[line:22] INFO 定位类型xpath,定位地址//*[@id="root"]/div/div[2]/div[2]/div[2]/form/div[1]/div/div/span/span/input
Mon, 29 Jul 2019 15:13:33 log.py[line:22] INFO 定位类型xpath,定位地址//*[@id="root"]/div/div[2]/div[2]/div[2]/form/div[2]/div/div/span/span/input
Mon, 29 Jul 2019 15:13:33 log.py[line:22] INFO 定位类型xpath,定位地址//*[@id="root"]/div/div[2]/div[2]/div[2]/form/div[3]/div/div/span/div/div/div
Mon, 29 Jul 2019 15:13:34 log.py[line:22] INFO 定位类型xpath,定位地址//li[contains(text(),'收费大屏')]
Mon, 29 Jul 2019 15:13:37 log.py[line:22] INFO 定位类型xpath,定位地址//span[contains(text(),'登 录')]/..
Mon, 29 Jul 2019 15:13:40 log.py[line:22] INFO 定位类型xpath,定位地址//div[contains(text(),'基础服务')]
Mon, 29 Jul 2019 15:13:42 log.py[line:22] INFO 输入的测试数据:  标题自动发布服务公示101   标签发布人  内容资质公示
Mon, 29 Jul 2019 15:13:42 log.py[line:22] INFO 返回配置的元素定位信息{'public.page': "xpath>//span[contains(text(),'小区信息管理')]", 'public.list': "xpath>//span[contains(text(),'服务公示列表')]", 'public.page.communityselect': 'xpath>//li[@role="option"]', 'add_public_button': "xpath>//span[contains(text(),'服务公示')]/preceding-sibling::i/..", 'add_public_inputlable': 'xpath>//input[@placeholder="请输入标题"]', 'add_public_inputissuer': 'xpath>//input[@placeholder="请输入发布方"]', 'set_lable_public': 'xpath>//*[@id="layout"]/div/div/div/div[2]/div[1]/form/div[3]/div[2]/div/span/div/div', 'public_lableprompt1': "xpath>//li[contains(text(),'资质公示')]", 'public.page.communitynotice': "xpath>//li[contains(text(),'物业服务')]", 'public.page.communitypropaganda': "xpath>//li[contains(text(),'收费标准')]", 'public.page.communityactivity': "xpath>//li[contains(text(),'设备运行公示')]", 'add_public_inputcover': 'xpath>//input[@type="file"]', 'add_public_div': 'xpath>//*[@id="layout"]/div/div/div/div[2]/div[1]/form/div[7]/div[2]/div/span/div/div/div[2]/div/div/div', 'release_public': "xpath>//span[contains(text(),'发 布')]/..", 'create_save_public': "xpath>//span[contains(text(),'保 存')]/..", 'preview_button': "xpath>//span[contains(text(),'预 览')]/..", 'close_preview_button': 'xpath>//html/body/div[3]/div/div[2]/div/div[2]/button/span', 'public_table': 'xpath>//table/tbody', 'delete_button': "xpath>//a[contains(text(),'删除')]", 'determine_button': "xpath>//span[contains(text(),'确 定')]/..", 'cancel_button': "xpath>//span[contains(text(),'取 消')]/.."}
Mon, 29 Jul 2019 15:13:42 log.py[line:22] INFO 定位类型xpath,定位地址//span[contains(text(),'小区信息管理')]
Mon, 29 Jul 2019 15:13:44 log.py[line:22] INFO 定位类型xpath,定位地址//span[contains(text(),'服务公示列表')]
Mon, 29 Jul 2019 15:13:44 log.py[line:22] INFO 定位类型xpath,定位地址//span[contains(text(),'服务公示')]/preceding-sibling::i/..
Mon, 29 Jul 2019 15:13:45 log.py[line:22] INFO 定位类型xpath,定位地址//input[@placeholder="请输入标题"]
Mon, 29 Jul 2019 15:13:46 log.py[line:22] INFO 定位类型xpath,定位地址//input[@placeholder="请输入发布方"]
Mon, 29 Jul 2019 15:13:46 log.py[line:22] INFO 定位类型xpath,定位地址//*[@id="layout"]/div/div/div/div[2]/div[1]/form/div[3]/div[2]/div/span/div/div
Mon, 29 Jul 2019 15:13:47 log.py[line:22] INFO 定位类型xpath,定位地址//li[contains(text(),'资质公示')]
Mon, 29 Jul 2019 15:13:48 log.py[line:22] INFO 定位类型xpath,定位地址//input[@type="file"]
Mon, 29 Jul 2019 15:13:48 log.py[line:22] INFO 定位类型xpath,定位地址//*[@id="layout"]/div/div/div/div[2]/div[1]/form/div[7]/div[2]/div/span/div/div/div[2]/div/div/div
Mon, 29 Jul 2019 15:13:49 log.py[line:22] INFO 定位类型xpath,定位地址//input[@type="file"]
Mon, 29 Jul 2019 15:13:52 log.py[line:22] INFO 定位类型xpath,定位地址//span[contains(text(),'发 布')]/..
Mon, 29 Jul 2019 15:13:52 log.py[line:22] INFO 创建完成任务自动发布服务公示101
Mon, 29 Jul 2019 15:29:49 log.py[line:22] INFO 验证测试数据哈哈哈
Mon, 29 Jul 2019 15:29:56 log.py[line:22] INFO 定位类型xpath,定位地址//*[@id="root"]/div/div[2]/div[2]/div[2]/form/div[1]/div/div/span/span/input
Mon, 29 Jul 2019 15:29:57 log.py[line:22] INFO 定位类型xpath,定位地址//*[@id="root"]/div/div[2]/div[2]/div[2]/form/div[2]/div/div/span/span/input
Mon, 29 Jul 2019 15:29:57 log.py[line:22] INFO 定位类型xpath,定位地址//*[@id="root"]/div/div[2]/div[2]/div[2]/form/div[3]/div/div/span/div/div/div
Mon, 29 Jul 2019 15:29:58 log.py[line:22] INFO 定位类型xpath,定位地址//li[contains(text(),'收费大屏')]
Mon, 29 Jul 2019 15:30:01 log.py[line:22] INFO 定位类型xpath,定位地址//span[contains(text(),'登 录')]/..
Mon, 29 Jul 2019 15:30:04 log.py[line:22] INFO 定位类型xpath,定位地址//div[contains(text(),'基础服务')]
Mon, 29 Jul 2019 15:30:06 log.py[line:22] INFO 返回配置的元素定位信息{'public.page': "xpath>//span[contains(text(),'小区信息管理')]", 'public.list': "xpath>//span[contains(text(),'服务公示列表')]", 'public.page.communityselect': 'xpath>//li[@role="option"]', 'add_public_button': "xpath>//span[contains(text(),'服务公示')]/preceding-sibling::i/..", 'add_public_inputlable': 'xpath>//input[@placeholder="请输入标题"]', 'add_public_inputissuer': 'xpath>//input[@placeholder="请输入发布方"]', 'set_lable_public': 'xpath>//*[@id="layout"]/div/div/div/div[2]/div[1]/form/div[3]/div[2]/div/span/div/div', 'public_lableprompt1': "xpath>//li[contains(text(),'资质公示')]", 'public.page.communitynotice': "xpath>//li[contains(text(),'物业服务')]", 'public.page.communitypropaganda': "xpath>//li[contains(text(),'收费标准')]", 'public.page.communityactivity': "xpath>//li[contains(text(),'设备运行公示')]", 'add_public_inputcover': 'xpath>//input[@type="file"]', 'add_public_div': 'xpath>//*[@id="layout"]/div/div/div/div[2]/div[1]/form/div[7]/div[2]/div/span/div/div/div[2]/div/div/div', 'release_public': "xpath>//span[contains(text(),'发 布')]/..", 'create_save_public': "xpath>//span[contains(text(),'保 存')]/..", 'preview_button': "xpath>//span[contains(text(),'预 览')]/..", 'close_preview_button': 'xpath>//html/body/div[3]/div/div[2]/div/div[2]/button/span', 'public_table': 'xpath>//table/tbody', 'delete_button': "xpath>//a[contains(text(),'删除')]", 'determine_button': "xpath>//span[contains(text(),'确 定')]/..", 'cancel_button': "xpath>//span[contains(text(),'取 消')]/.."}
Mon, 29 Jul 2019 15:30:06 log.py[line:22] INFO 定位类型xpath,定位地址//span[contains(text(),'小区信息管理')]
Mon, 29 Jul 2019 15:30:07 log.py[line:22] INFO 定位类型xpath,定位地址//span[contains(text(),'服务公示列表')]
Mon, 29 Jul 2019 15:30:08 log.py[line:22] INFO 输入的测试数据:  第1行   第6列  
Mon, 29 Jul 2019 15:30:08 log.py[line:22] INFO 返回配置的元素定位信息{'public.page': "xpath>//span[contains(text(),'小区信息管理')]", 'public.list': "xpath>//span[contains(text(),'服务公示列表')]", 'public.page.communityselect': 'xpath>//li[@role="option"]', 'add_public_button': "xpath>//span[contains(text(),'服务公示')]/preceding-sibling::i/..", 'add_public_inputlable': 'xpath>//input[@placeholder="请输入标题"]', 'add_public_inputissuer': 'xpath>//input[@placeholder="请输入发布方"]', 'set_lable_public': 'xpath>//*[@id="layout"]/div/div/div/div[2]/div[1]/form/div[3]/div[2]/div/span/div/div', 'public_lableprompt1': "xpath>//li[contains(text(),'资质公示')]", 'public.page.communitynotice': "xpath>//li[contains(text(),'物业服务')]", 'public.page.communitypropaganda': "xpath>//li[contains(text(),'收费标准')]", 'public.page.communityactivity': "xpath>//li[contains(text(),'设备运行公示')]", 'add_public_inputcover': 'xpath>//input[@type="file"]', 'add_public_div': 'xpath>//*[@id="layout"]/div/div/div/div[2]/div[1]/form/div[7]/div[2]/div/span/div/div/div[2]/div/div/div', 'release_public': "xpath>//span[contains(text(),'发 布')]/..", 'create_save_public': "xpath>//span[contains(text(),'保 存')]/..", 'preview_button': "xpath>//span[contains(text(),'预 览')]/..", 'close_preview_button': 'xpath>//html/body/div[3]/div/div[2]/div/div[2]/button/span', 'public_table': 'xpath>//table/tbody', 'delete_button': "xpath>//a[contains(text(),'删除')]", 'determine_button': "xpath>//span[contains(text(),'确 定')]/..", 'cancel_button': "xpath>//span[contains(text(),'取 消')]/.."}
Mon, 29 Jul 2019 15:30:08 log.py[line:22] INFO 定位类型xpath,定位地址//table/tbody
Mon, 29 Jul 2019 15:30:09 log.py[line:22] INFO 选择确认
Mon, 29 Jul 2019 15:30:09 log.py[line:22] INFO 定位类型xpath,定位地址//span[contains(text(),'确 定')]/..
Mon, 29 Jul 2019 15:30:33 log.py[line:22] INFO 验证测试数据哈哈哈
Mon, 29 Jul 2019 15:30:37 log.py[line:22] INFO 定位类型xpath,定位地址//*[@id="root"]/div/div[2]/div[2]/div[2]/form/div[1]/div/div/span/span/input
Mon, 29 Jul 2019 15:30:37 log.py[line:22] INFO 定位类型xpath,定位地址//*[@id="root"]/div/div[2]/div[2]/div[2]/form/div[2]/div/div/span/span/input
Mon, 29 Jul 2019 15:30:38 log.py[line:22] INFO 定位类型xpath,定位地址//*[@id="root"]/div/div[2]/div[2]/div[2]/form/div[3]/div/div/span/div/div/div
Mon, 29 Jul 2019 15:30:38 log.py[line:22] INFO 定位类型xpath,定位地址//li[contains(text(),'收费大屏')]
Mon, 29 Jul 2019 15:30:41 log.py[line:22] INFO 定位类型xpath,定位地址//span[contains(text(),'登 录')]/..
Mon, 29 Jul 2019 15:30:45 log.py[line:22] INFO 定位类型xpath,定位地址//div[contains(text(),'基础服务')]
Mon, 29 Jul 2019 15:30:47 log.py[line:22] INFO 返回配置的元素定位信息{'public.page': "xpath>//span[contains(text(),'小区信息管理')]", 'public.list': "xpath>//span[contains(text(),'服务公示列表')]", 'public.page.communityselect': 'xpath>//li[@role="option"]', 'add_public_button': "xpath>//span[contains(text(),'服务公示')]/preceding-sibling::i/..", 'add_public_inputlable': 'xpath>//input[@placeholder="请输入标题"]', 'add_public_inputissuer': 'xpath>//input[@placeholder="请输入发布方"]', 'set_lable_public': 'xpath>//*[@id="layout"]/div/div/div/div[2]/div[1]/form/div[3]/div[2]/div/span/div/div', 'public_lableprompt1': "xpath>//li[contains(text(),'资质公示')]", 'public.page.communitynotice': "xpath>//li[contains(text(),'物业服务')]", 'public.page.communitypropaganda': "xpath>//li[contains(text(),'收费标准')]", 'public.page.communityactivity': "xpath>//li[contains(text(),'设备运行公示')]", 'add_public_inputcover': 'xpath>//input[@type="file"]', 'add_public_div': 'xpath>//*[@id="layout"]/div/div/div/div[2]/div[1]/form/div[7]/div[2]/div/span/div/div/div[2]/div/div/div', 'release_public': "xpath>//span[contains(text(),'发 布')]/..", 'create_save_public': "xpath>//span[contains(text(),'保 存')]/..", 'preview_button': "xpath>//span[contains(text(),'预 览')]/..", 'close_preview_button': 'xpath>//html/body/div[3]/div/div[2]/div/div[2]/button/span', 'public_table': 'xpath>//table/tbody', 'delete_button': "xpath>//a[contains(text(),'删除')]", 'determine_button': "xpath>//span[contains(text(),'确 定')]/..", 'cancel_button': "xpath>//span[contains(text(),'取 消')]/.."}
Mon, 29 Jul 2019 15:30:47 log.py[line:22] INFO 定位类型xpath,定位地址//span[contains(text(),'小区信息管理')]
Mon, 29 Jul 2019 15:30:48 log.py[line:22] INFO 定位类型xpath,定位地址//span[contains(text(),'服务公示列表')]
Mon, 29 Jul 2019 15:30:48 log.py[line:22] INFO 输入的测试数据:  第1行   第6列  
Mon, 29 Jul 2019 15:30:48 log.py[line:22] INFO 返回配置的元素定位信息{'public.page': "xpath>//span[contains(text(),'小区信息管理')]", 'public.list': "xpath>//span[contains(text(),'服务公示列表')]", 'public.page.communityselect': 'xpath>//li[@role="option"]', 'add_public_button': "xpath>//span[contains(text(),'服务公示')]/preceding-sibling::i/..", 'add_public_inputlable': 'xpath>//input[@placeholder="请输入标题"]', 'add_public_inputissuer': 'xpath>//input[@placeholder="请输入发布方"]', 'set_lable_public': 'xpath>//*[@id="layout"]/div/div/div/div[2]/div[1]/form/div[3]/div[2]/div/span/div/div', 'public_lableprompt1': "xpath>//li[contains(text(),'资质公示')]", 'public.page.communitynotice': "xpath>//li[contains(text(),'物业服务')]", 'public.page.communitypropaganda': "xpath>//li[contains(text(),'收费标准')]", 'public.page.communityactivity': "xpath>//li[contains(text(),'设备运行公示')]", 'add_public_inputcover': 'xpath>//input[@type="file"]', 'add_public_div': 'xpath>//*[@id="layout"]/div/div/div/div[2]/div[1]/form/div[7]/div[2]/div/span/div/div/div[2]/div/div/div', 'release_public': "xpath>//span[contains(text(),'发 布')]/..", 'create_save_public': "xpath>//span[contains(text(),'保 存')]/..", 'preview_button': "xpath>//span[contains(text(),'预 览')]/..", 'close_preview_button': 'xpath>//html/body/div[3]/div/div[2]/div/div[2]/button/span', 'public_table': 'xpath>//table/tbody', 'delete_button': "xpath>//a[contains(text(),'删除')]", 'determine_button': "xpath>//span[contains(text(),'确 定')]/..", 'cancel_button': "xpath>//span[contains(text(),'取 消')]/.."}
Mon, 29 Jul 2019 15:30:48 log.py[line:22] INFO 定位类型xpath,定位地址//table/tbody
Mon, 29 Jul 2019 15:30:50 log.py[line:22] INFO 选择取消
Mon, 29 Jul 2019 15:30:50 log.py[line:22] INFO 定位类型xpath,定位地址//span[contains(text(),'取 消')]/..
Mon, 29 Jul 2019 15:31:55 log.py[line:22] INFO 验证测试数据哈哈哈
Mon, 29 Jul 2019 15:32:00 log.py[line:22] INFO 定位类型xpath,定位地址//*[@id="root"]/div/div[2]/div[2]/div[2]/form/div[1]/div/div/span/span/input
Mon, 29 Jul 2019 15:32:01 log.py[line:22] INFO 定位类型xpath,定位地址//*[@id="root"]/div/div[2]/div[2]/div[2]/form/div[2]/div/div/span/span/input
Mon, 29 Jul 2019 15:32:01 log.py[line:22] INFO 定位类型xpath,定位地址//*[@id="root"]/div/div[2]/div[2]/div[2]/form/div[3]/div/div/span/div/div/div
Mon, 29 Jul 2019 15:32:01 log.py[line:22] INFO 定位类型xpath,定位地址//li[contains(text(),'收费大屏')]
Mon, 29 Jul 2019 15:32:04 log.py[line:22] INFO 定位类型xpath,定位地址//span[contains(text(),'登 录')]/..
Mon, 29 Jul 2019 15:32:08 log.py[line:22] INFO 定位类型xpath,定位地址//div[contains(text(),'基础服务')]
Mon, 29 Jul 2019 15:32:10 log.py[line:22] INFO 输入的测试数据:  第1行   第1列  内容0
Mon, 29 Jul 2019 15:32:10 log.py[line:22] INFO 返回配置的元素定位信息{'announcement.page': "xpath>//span[contains(text(),'小区信息管理')]", 'announcement.list': 'xpath>//*[@id="0$Menu"]/li[1]', 'announcement.analysis': "xpath>//span[contains(text(),'公告分析')]", 'announcement.page.communityselect': 'xpath>//li[@role="option"]', 'lableprompt1': "xpath>//li[contains(text(),'温馨提示')]", 'announcement.page.communitynotice': "xpath>//li[contains(text(),'紧急通知')]", 'announcement.page.communitypropaganda': "xpath>//li[contains(text(),'小区宣传')]", 'announcement.page.communityactivity': "xpath>//li[contains(text(),'小区活动')]", 'announcement.page,lableinput': 'xpath>//input[@placeholder="请输入标题内容"]', 'add_announcement_button': "xpath>//span[contains(text(),'新建公告')]/..", 'add_announcement_inputlable': 'xpath>//input[@placeholder="请输入标题"]', 'add_announcement_inputissuer': 'xpath>//input[@placeholder="请输入发布方"]', 'set_lable_announcement': 'xpath>//*[@id="layout"]/div/div/div/div[2]/div[1]/form/div[3]/div[2]/div/span/div/div', 'add_announcement_inputcover': 'xpath>//input[@type="file"]', 'add_announcement_div': 'xpath>//*[@id="layout"]/div/div/div/div[2]/div[1]/form/div[7]/div[2]/div/span/div/div/div[2]/div/div/div', 'save_announcement': "xpath>//span[contains(text(),'保 存')]/..", 'preview_announcement': "xpath>//span[contains(text(),'预 览')]/..", 'return_announcement': 'xpath>//html/body/div[2]/div/div[2]/div/div[2]/button', 'release_announcement': "xpath>//span[contains(text(),'发 布')]/..", 'cancel_announcement': "xpath>//span[contains(text(),'取 消')]/..", 'announcement_table': 'xpath>//table/tbody'}
Mon, 29 Jul 2019 15:32:10 log.py[line:22] INFO 定位类型xpath,定位地址//table/tbody
Mon, 29 Jul 2019 15:37:01 log.py[line:22] INFO 验证测试数据哈哈哈
Mon, 29 Jul 2019 15:37:08 log.py[line:22] INFO 定位类型xpath,定位地址//*[@id="root"]/div/div[2]/div[2]/div[2]/form/div[1]/div/div/span/span/input
Mon, 29 Jul 2019 15:37:09 log.py[line:22] INFO 定位类型xpath,定位地址//*[@id="root"]/div/div[2]/div[2]/div[2]/form/div[2]/div/div/span/span/input
Mon, 29 Jul 2019 15:37:09 log.py[line:22] INFO 定位类型xpath,定位地址//*[@id="root"]/div/div[2]/div[2]/div[2]/form/div[3]/div/div/span/div/div/div
Mon, 29 Jul 2019 15:37:09 log.py[line:22] INFO 定位类型xpath,定位地址//li[contains(text(),'收费大屏')]
Mon, 29 Jul 2019 15:37:13 log.py[line:22] INFO 定位类型xpath,定位地址//span[contains(text(),'登 录')]/..
Mon, 29 Jul 2019 15:37:16 log.py[line:22] INFO 定位类型xpath,定位地址//div[contains(text(),'基础服务')]
Mon, 29 Jul 2019 15:56:49 log.py[line:22] INFO 验证测试数据哈哈哈
Mon, 29 Jul 2019 15:56:54 log.py[line:22] INFO 定位类型xpath,定位地址//*[@id="root"]/div/div[2]/div[2]/div[2]/form/div[1]/div/div/span/span/input
Mon, 29 Jul 2019 15:56:55 log.py[line:22] INFO 定位类型xpath,定位地址//*[@id="root"]/div/div[2]/div[2]/div[2]/form/div[2]/div/div/span/span/input
Mon, 29 Jul 2019 15:56:55 log.py[line:22] INFO 定位类型xpath,定位地址//*[@id="root"]/div/div[2]/div[2]/div[2]/form/div[3]/div/div/span/div/div/div
Mon, 29 Jul 2019 15:57:01 log.py[line:22] INFO 定位类型xpath,定位地址//li[contains(text(),'收费大屏')]
Mon, 29 Jul 2019 15:57:09 log.py[line:22] INFO 定位类型xpath,定位地址//span[contains(text(),'登 录')]/..
Mon, 29 Jul 2019 15:57:17 log.py[line:22] INFO 定位类型xpath,定位地址//div[contains(text(),'基础服务')]
Mon, 29 Jul 2019 15:57:28 log.py[line:22] INFO 返回配置的元素定位信息{'public.page': "xpath>//span[contains(text(),'小区信息管理')]", 'public.list': "xpath>//span[contains(text(),'服务公示列表')]", 'public.page.communityselect': 'xpath>//li[@role="option"]', 'add_public_button': "xpath>//span[contains(text(),'服务公示')]/preceding-sibling::i/..", 'add_public_inputlable': 'xpath>//input[@placeholder="请输入标题"]', 'add_public_inputissuer': 'xpath>//input[@placeholder="请输入发布方"]', 'set_lable_public': 'xpath>//*[@id="layout"]/div/div/div/div[2]/div[1]/form/div[3]/div[2]/div/span/div/div', 'public_lableprompt1': "xpath>//li[contains(text(),'资质公示')]", 'public.page.communitynotice': "xpath>//li[contains(text(),'物业服务')]", 'public.page.communitypropaganda': "xpath>//li[contains(text(),'收费标准')]", 'public.page.communityactivity': "xpath>//li[contains(text(),'设备运行公示')]", 'add_public_inputcover': 'xpath>//input[@type="file"]', 'add_public_div': 'xpath>//*[@id="layout"]/div/div/div/div[2]/div[1]/form/div[7]/div[2]/div/span/div/div/div[2]/div/div/div', 'release_public': "xpath>//span[contains(text(),'发 布')]/..", 'create_save_public': "xpath>//span[contains(text(),'保 存')]/..", 'preview_button': "xpath>//span[contains(text(),'预 览')]/..", 'close_preview_button': 'xpath>//html/body/div[3]/div/div[2]/div/div[2]/button/span', 'public_table': 'xpath>//table/tbody', 'delete_button': "xpath>//a[contains(text(),'删除')]", 'determine_button': "xpath>//span[contains(text(),'确 定')]/..", 'cancel_button': "xpath>//span[contains(text(),'取 消')]/.."}
Mon, 29 Jul 2019 15:57:28 log.py[line:22] INFO 定位类型xpath,定位地址//span[contains(text(),'小区信息管理')]
Mon, 29 Jul 2019 15:57:35 log.py[line:22] INFO 定位类型xpath,定位地址//span[contains(text(),'服务公示列表')]
Mon, 29 Jul 2019 15:57:40 log.py[line:22] INFO 输入的测试数据:  第1行   第1列  内容0
Mon, 29 Jul 2019 15:57:40 log.py[line:22] INFO 返回配置的元素定位信息{'public.page': "xpath>//span[contains(text(),'小区信息管理')]", 'public.list': "xpath>//span[contains(text(),'服务公示列表')]", 'public.page.communityselect': 'xpath>//li[@role="option"]', 'add_public_button': "xpath>//span[contains(text(),'服务公示')]/preceding-sibling::i/..", 'add_public_inputlable': 'xpath>//input[@placeholder="请输入标题"]', 'add_public_inputissuer': 'xpath>//input[@placeholder="请输入发布方"]', 'set_lable_public': 'xpath>//*[@id="layout"]/div/div/div/div[2]/div[1]/form/div[3]/div[2]/div/span/div/div', 'public_lableprompt1': "xpath>//li[contains(text(),'资质公示')]", 'public.page.communitynotice': "xpath>//li[contains(text(),'物业服务')]", 'public.page.communitypropaganda': "xpath>//li[contains(text(),'收费标准')]", 'public.page.communityactivity': "xpath>//li[contains(text(),'设备运行公示')]", 'add_public_inputcover': 'xpath>//input[@type="file"]', 'add_public_div': 'xpath>//*[@id="layout"]/div/div/div/div[2]/div[1]/form/div[7]/div[2]/div/span/div/div/div[2]/div/div/div', 'release_public': "xpath>//span[contains(text(),'发 布')]/..", 'create_save_public': "xpath>//span[contains(text(),'保 存')]/..", 'preview_button': "xpath>//span[contains(text(),'预 览')]/..", 'close_preview_button': 'xpath>//html/body/div[3]/div/div[2]/div/div[2]/button/span', 'public_table': 'xpath>//table/tbody', 'delete_button': "xpath>//a[contains(text(),'删除')]", 'determine_button': "xpath>//span[contains(text(),'确 定')]/..", 'cancel_button': "xpath>//span[contains(text(),'取 消')]/.."}
Mon, 29 Jul 2019 15:57:40 log.py[line:22] INFO 定位类型xpath,定位地址//span[contains(text(),'小区信息管理')]
Mon, 29 Jul 2019 15:57:46 log.py[line:22] INFO 定位类型xpath,定位地址//span[contains(text(),'服务公示列表')]
Mon, 29 Jul 2019 16:00:04 log.py[line:22] INFO 验证测试数据哈哈哈
Mon, 29 Jul 2019 16:00:10 log.py[line:22] INFO 定位类型xpath,定位地址//*[@id="root"]/div/div[2]/div[2]/div[2]/form/div[1]/div/div/span/span/input
Mon, 29 Jul 2019 16:00:10 log.py[line:22] INFO 定位类型xpath,定位地址//*[@id="root"]/div/div[2]/div[2]/div[2]/form/div[2]/div/div/span/span/input
Mon, 29 Jul 2019 16:00:10 log.py[line:22] INFO 定位类型xpath,定位地址//*[@id="root"]/div/div[2]/div[2]/div[2]/form/div[3]/div/div/span/div/div/div
Mon, 29 Jul 2019 16:00:11 log.py[line:22] INFO 定位类型xpath,定位地址//li[contains(text(),'收费大屏')]
Mon, 29 Jul 2019 16:00:14 log.py[line:22] INFO 定位类型xpath,定位地址//span[contains(text(),'登 录')]/..
Mon, 29 Jul 2019 16:00:18 log.py[line:22] INFO 定位类型xpath,定位地址//div[contains(text(),'基础服务')]
Mon, 29 Jul 2019 16:00:21 log.py[line:22] INFO 返回配置的元素定位信息{'public.page': "xpath>//span[contains(text(),'小区信息管理')]", 'public.list': "xpath>//span[contains(text(),'服务公示列表')]", 'public.page.communityselect': 'xpath>//li[@role="option"]', 'add_public_button': "xpath>//span[contains(text(),'服务公示')]/preceding-sibling::i/..", 'add_public_inputlable': 'xpath>//input[@placeholder="请输入标题"]', 'add_public_inputissuer': 'xpath>//input[@placeholder="请输入发布方"]', 'set_lable_public': 'xpath>//*[@id="layout"]/div/div/div/div[2]/div[1]/form/div[3]/div[2]/div/span/div/div', 'public_lableprompt1': "xpath>//li[contains(text(),'资质公示')]", 'public.page.communitynotice': "xpath>//li[contains(text(),'物业服务')]", 'public.page.communitypropaganda': "xpath>//li[contains(text(),'收费标准')]", 'public.page.communityactivity': "xpath>//li[contains(text(),'设备运行公示')]", 'add_public_inputcover': 'xpath>//input[@type="file"]', 'add_public_div': 'xpath>//*[@id="layout"]/div/div/div/div[2]/div[1]/form/div[7]/div[2]/div/span/div/div/div[2]/div/div/div', 'release_public': "xpath>//span[contains(text(),'发 布')]/..", 'create_save_public': "xpath>//span[contains(text(),'保 存')]/..", 'preview_button': "xpath>//span[contains(text(),'预 览')]/..", 'close_preview_button': 'xpath>//html/body/div[3]/div/div[2]/div/div[2]/button/span', 'public_table': 'xpath>//table/tbody', 'delete_button': "xpath>//a[contains(text(),'删除')]", 'determine_button': "xpath>//span[contains(text(),'确 定')]/..", 'cancel_button': "xpath>//span[contains(text(),'取 消')]/.."}
Mon, 29 Jul 2019 16:00:21 log.py[line:22] INFO 定位类型xpath,定位地址//span[contains(text(),'小区信息管理')]
Mon, 29 Jul 2019 16:00:22 log.py[line:22] INFO 定位类型xpath,定位地址//span[contains(text(),'服务公示列表')]
Mon, 29 Jul 2019 16:00:23 log.py[line:22] INFO 输入的测试数据:  第1行   第1列  内容0
Mon, 29 Jul 2019 16:00:23 log.py[line:22] INFO 返回配置的元素定位信息{'public.page': "xpath>//span[contains(text(),'小区信息管理')]", 'public.list': "xpath>//span[contains(text(),'服务公示列表')]", 'public.page.communityselect': 'xpath>//li[@role="option"]', 'add_public_button': "xpath>//span[contains(text(),'服务公示')]/preceding-sibling::i/..", 'add_public_inputlable': 'xpath>//input[@placeholder="请输入标题"]', 'add_public_inputissuer': 'xpath>//input[@placeholder="请输入发布方"]', 'set_lable_public': 'xpath>//*[@id="layout"]/div/div/div/div[2]/div[1]/form/div[3]/div[2]/div/span/div/div', 'public_lableprompt1': "xpath>//li[contains(text(),'资质公示')]", 'public.page.communitynotice': "xpath>//li[contains(text(),'物业服务')]", 'public.page.communitypropaganda': "xpath>//li[contains(text(),'收费标准')]", 'public.page.communityactivity': "xpath>//li[contains(text(),'设备运行公示')]", 'add_public_inputcover': 'xpath>//input[@type="file"]', 'add_public_div': 'xpath>//*[@id="layout"]/div/div/div/div[2]/div[1]/form/div[7]/div[2]/div/span/div/div/div[2]/div/div/div', 'release_public': "xpath>//span[contains(text(),'发 布')]/..", 'create_save_public': "xpath>//span[contains(text(),'保 存')]/..", 'preview_button': "xpath>//span[contains(text(),'预 览')]/..", 'close_preview_button': 'xpath>//html/body/div[3]/div/div[2]/div/div[2]/button/span', 'public_table': 'xpath>//table/tbody', 'delete_button': "xpath>//a[contains(text(),'删除')]", 'determine_button': "xpath>//span[contains(text(),'确 定')]/..", 'cancel_button': "xpath>//span[contains(text(),'取 消')]/.."}
Mon, 29 Jul 2019 16:00:23 log.py[line:22] INFO 定位类型xpath,定位地址//span[contains(text(),'小区信息管理')]
Mon, 29 Jul 2019 16:00:24 log.py[line:22] INFO 定位类型xpath,定位地址//span[contains(text(),'服务公示列表')]
Mon, 29 Jul 2019 16:03:31 log.py[line:22] INFO 验证测试数据哈哈哈
Mon, 29 Jul 2019 16:03:36 log.py[line:22] INFO 定位类型xpath,定位地址//*[@id="root"]/div/div[2]/div[2]/div[2]/form/div[1]/div/div/span/span/input
Mon, 29 Jul 2019 16:03:37 log.py[line:22] INFO 定位类型xpath,定位地址//*[@id="root"]/div/div[2]/div[2]/div[2]/form/div[2]/div/div/span/span/input
Mon, 29 Jul 2019 16:03:37 log.py[line:22] INFO 定位类型xpath,定位地址//*[@id="root"]/div/div[2]/div[2]/div[2]/form/div[3]/div/div/span/div/div/div
Mon, 29 Jul 2019 16:03:38 log.py[line:22] INFO 定位类型xpath,定位地址//li[contains(text(),'收费大屏')]
Mon, 29 Jul 2019 16:03:41 log.py[line:22] INFO 定位类型xpath,定位地址//span[contains(text(),'登 录')]/..
Mon, 29 Jul 2019 16:03:44 log.py[line:22] INFO 定位类型xpath,定位地址//div[contains(text(),'基础服务')]
Mon, 29 Jul 2019 16:03:47 log.py[line:22] INFO 输入的测试数据:  第1行   第1列  内容0
Mon, 29 Jul 2019 16:03:47 log.py[line:22] INFO 返回配置的元素定位信息{'public.page': "xpath>//span[contains(text(),'小区信息管理')]", 'public.list': "xpath>//span[contains(text(),'服务公示列表')]", 'public.page.communityselect': 'xpath>//li[@role="option"]', 'add_public_button': "xpath>//span[contains(text(),'服务公示')]/preceding-sibling::i/..", 'add_public_inputlable': 'xpath>//input[@placeholder="请输入标题"]', 'add_public_inputissuer': 'xpath>//input[@placeholder="请输入发布方"]', 'set_lable_public': 'xpath>//*[@id="layout"]/div/div/div/div[2]/div[1]/form/div[3]/div[2]/div/span/div/div', 'public_lableprompt1': "xpath>//li[contains(text(),'资质公示')]", 'public.page.communitynotice': "xpath>//li[contains(text(),'物业服务')]", 'public.page.communitypropaganda': "xpath>//li[contains(text(),'收费标准')]", 'public.page.communityactivity': "xpath>//li[contains(text(),'设备运行公示')]", 'add_public_inputcover': 'xpath>//input[@type="file"]', 'add_public_div': 'xpath>//*[@id="layout"]/div/div/div/div[2]/div[1]/form/div[7]/div[2]/div/span/div/div/div[2]/div/div/div', 'release_public': "xpath>//span[contains(text(),'发 布')]/..", 'create_save_public': "xpath>//span[contains(text(),'保 存')]/..", 'preview_button': "xpath>//span[contains(text(),'预 览')]/..", 'close_preview_button': 'xpath>//html/body/div[3]/div/div[2]/div/div[2]/button/span', 'public_table': 'xpath>//table/tbody', 'delete_button': "xpath>//a[contains(text(),'删除')]", 'determine_button': "xpath>//span[contains(text(),'确 定')]/..", 'cancel_button': "xpath>//span[contains(text(),'取 消')]/.."}
Mon, 29 Jul 2019 16:03:47 log.py[line:22] INFO 定位类型xpath,定位地址//span[contains(text(),'小区信息管理')]
Mon, 29 Jul 2019 16:03:48 log.py[line:22] INFO 定位类型xpath,定位地址//span[contains(text(),'服务公示列表')]
Mon, 29 Jul 2019 16:03:49 log.py[line:22] INFO 定位类型xpath,定位地址//table/tbody
Mon, 29 Jul 2019 16:03:53 log.py[line:22] INFO 返回配置的元素定位信息{'public.page': "xpath>//span[contains(text(),'小区信息管理')]", 'public.list': "xpath>//span[contains(text(),'服务公示列表')]", 'public.page.communityselect': 'xpath>//li[@role="option"]', 'add_public_button': "xpath>//span[contains(text(),'服务公示')]/preceding-sibling::i/..", 'add_public_inputlable': 'xpath>//input[@placeholder="请输入标题"]', 'add_public_inputissuer': 'xpath>//input[@placeholder="请输入发布方"]', 'set_lable_public': 'xpath>//*[@id="layout"]/div/div/div/div[2]/div[1]/form/div[3]/div[2]/div/span/div/div', 'public_lableprompt1': "xpath>//li[contains(text(),'资质公示')]", 'public.page.communitynotice': "xpath>//li[contains(text(),'物业服务')]", 'public.page.communitypropaganda': "xpath>//li[contains(text(),'收费标准')]", 'public.page.communityactivity': "xpath>//li[contains(text(),'设备运行公示')]", 'add_public_inputcover': 'xpath>//input[@type="file"]', 'add_public_div': 'xpath>//*[@id="layout"]/div/div/div/div[2]/div[1]/form/div[7]/div[2]/div/span/div/div/div[2]/div/div/div', 'release_public': "xpath>//span[contains(text(),'发 布')]/..", 'create_save_public': "xpath>//span[contains(text(),'保 存')]/..", 'preview_button': "xpath>//span[contains(text(),'预 览')]/..", 'close_preview_button': 'xpath>//html/body/div[3]/div/div[2]/div/div[2]/button/span', 'public_table': 'xpath>//table/tbody', 'delete_button': "xpath>//a[contains(text(),'删除')]", 'determine_button': "xpath>//span[contains(text(),'确 定')]/..", 'cancel_button': "xpath>//span[contains(text(),'取 消')]/.."}
Mon, 29 Jul 2019 16:03:53 log.py[line:22] INFO 定位类型xpath,定位地址//span[contains(text(),'小区信息管理')]
Mon, 29 Jul 2019 16:03:54 log.py[line:22] INFO 定位类型xpath,定位地址//span[contains(text(),'服务公示列表')]
Mon, 29 Jul 2019 16:04:49 log.py[line:22] INFO 验证测试数据哈哈哈
Mon, 29 Jul 2019 16:04:55 log.py[line:22] INFO 定位类型xpath,定位地址//*[@id="root"]/div/div[2]/div[2]/div[2]/form/div[1]/div/div/span/span/input
Mon, 29 Jul 2019 16:04:55 log.py[line:22] INFO 定位类型xpath,定位地址//*[@id="root"]/div/div[2]/div[2]/div[2]/form/div[2]/div/div/span/span/input
Mon, 29 Jul 2019 16:04:55 log.py[line:22] INFO 定位类型xpath,定位地址//*[@id="root"]/div/div[2]/div[2]/div[2]/form/div[3]/div/div/span/div/div/div
Mon, 29 Jul 2019 16:04:56 log.py[line:22] INFO 定位类型xpath,定位地址//li[contains(text(),'收费大屏')]
Mon, 29 Jul 2019 16:04:59 log.py[line:22] INFO 定位类型xpath,定位地址//span[contains(text(),'登 录')]/..
Mon, 29 Jul 2019 16:05:02 log.py[line:22] INFO 定位类型xpath,定位地址//div[contains(text(),'基础服务')]
Mon, 29 Jul 2019 16:05:06 log.py[line:22] INFO 输入的测试数据:  第1行   第1列  内容0
Mon, 29 Jul 2019 16:05:06 log.py[line:22] INFO 返回配置的元素定位信息{'public.page': "xpath>//span[contains(text(),'小区信息管理')]", 'public.list': "xpath>//span[contains(text(),'服务公示列表')]", 'public.page.communityselect': 'xpath>//li[@role="option"]', 'add_public_button': "xpath>//span[contains(text(),'服务公示')]/preceding-sibling::i/..", 'add_public_inputlable': 'xpath>//input[@placeholder="请输入标题"]', 'add_public_inputissuer': 'xpath>//input[@placeholder="请输入发布方"]', 'set_lable_public': 'xpath>//*[@id="layout"]/div/div/div/div[2]/div[1]/form/div[3]/div[2]/div/span/div/div', 'public_lableprompt1': "xpath>//li[contains(text(),'资质公示')]", 'public.page.communitynotice': "xpath>//li[contains(text(),'物业服务')]", 'public.page.communitypropaganda': "xpath>//li[contains(text(),'收费标准')]", 'public.page.communityactivity': "xpath>//li[contains(text(),'设备运行公示')]", 'add_public_inputcover': 'xpath>//input[@type="file"]', 'add_public_div': 'xpath>//*[@id="layout"]/div/div/div/div[2]/div[1]/form/div[7]/div[2]/div/span/div/div/div[2]/div/div/div', 'release_public': "xpath>//span[contains(text(),'发 布')]/..", 'create_save_public': "xpath>//span[contains(text(),'保 存')]/..", 'preview_button': "xpath>//span[contains(text(),'预 览')]/..", 'close_preview_button': 'xpath>//html/body/div[3]/div/div[2]/div/div[2]/button/span', 'public_table': 'xpath>//table/tbody', 'delete_button': "xpath>//a[contains(text(),'删除')]", 'determine_button': "xpath>//span[contains(text(),'确 定')]/..", 'cancel_button': "xpath>//span[contains(text(),'取 消')]/.."}
Mon, 29 Jul 2019 16:05:06 log.py[line:22] INFO 定位类型xpath,定位地址//span[contains(text(),'小区信息管理')]
Mon, 29 Jul 2019 16:05:07 log.py[line:22] INFO 定位类型xpath,定位地址//span[contains(text(),'服务公示列表')]
Mon, 29 Jul 2019 16:05:07 log.py[line:22] INFO 定位类型xpath,定位地址//table/tbody
Mon, 29 Jul 2019 16:05:12 log.py[line:22] INFO 返回配置的元素定位信息{'public.page': "xpath>//span[contains(text(),'小区信息管理')]", 'public.list': "xpath>//span[contains(text(),'服务公示列表')]", 'public.page.communityselect': 'xpath>//li[@role="option"]', 'add_public_button': "xpath>//span[contains(text(),'服务公示')]/preceding-sibling::i/..", 'add_public_inputlable': 'xpath>//input[@placeholder="请输入标题"]', 'add_public_inputissuer': 'xpath>//input[@placeholder="请输入发布方"]', 'set_lable_public': 'xpath>//*[@id="layout"]/div/div/div/div[2]/div[1]/form/div[3]/div[2]/div/span/div/div', 'public_lableprompt1': "xpath>//li[contains(text(),'资质公示')]", 'public.page.communitynotice': "xpath>//li[contains(text(),'物业服务')]", 'public.page.communitypropaganda': "xpath>//li[contains(text(),'收费标准')]", 'public.page.communityactivity': "xpath>//li[contains(text(),'设备运行公示')]", 'add_public_inputcover': 'xpath>//input[@type="file"]', 'add_public_div': 'xpath>//*[@id="layout"]/div/div/div/div[2]/div[1]/form/div[7]/div[2]/div/span/div/div/div[2]/div/div/div', 'release_public': "xpath>//span[contains(text(),'发 布')]/..", 'create_save_public': "xpath>//span[contains(text(),'保 存')]/..", 'preview_button': "xpath>//span[contains(text(),'预 览')]/..", 'close_preview_button': 'xpath>//html/body/div[3]/div/div[2]/div/div[2]/button/span', 'public_table': 'xpath>//table/tbody', 'delete_button': "xpath>//a[contains(text(),'删除')]", 'determine_button': "xpath>//span[contains(text(),'确 定')]/..", 'cancel_button': "xpath>//span[contains(text(),'取 消')]/.."}
Mon, 29 Jul 2019 16:05:12 log.py[line:22] INFO 输入的测试数据:  第1行   第6列  
Mon, 29 Jul 2019 16:05:12 log.py[line:22] INFO 返回配置的元素定位信息{'public.page': "xpath>//span[contains(text(),'小区信息管理')]", 'public.list': "xpath>//span[contains(text(),'服务公示列表')]", 'public.page.communityselect': 'xpath>//li[@role="option"]', 'add_public_button': "xpath>//span[contains(text(),'服务公示')]/preceding-sibling::i/..", 'add_public_inputlable': 'xpath>//input[@placeholder="请输入标题"]', 'add_public_inputissuer': 'xpath>//input[@placeholder="请输入发布方"]', 'set_lable_public': 'xpath>//*[@id="layout"]/div/div/div/div[2]/div[1]/form/div[3]/div[2]/div/span/div/div', 'public_lableprompt1': "xpath>//li[contains(text(),'资质公示')]", 'public.page.communitynotice': "xpath>//li[contains(text(),'物业服务')]", 'public.page.communitypropaganda': "xpath>//li[contains(text(),'收费标准')]", 'public.page.communityactivity': "xpath>//li[contains(text(),'设备运行公示')]", 'add_public_inputcover': 'xpath>//input[@type="file"]', 'add_public_div': 'xpath>//*[@id="layout"]/div/div/div/div[2]/div[1]/form/div[7]/div[2]/div/span/div/div/div[2]/div/div/div', 'release_public': "xpath>//span[contains(text(),'发 布')]/..", 'create_save_public': "xpath>//span[contains(text(),'保 存')]/..", 'preview_button': "xpath>//span[contains(text(),'预 览')]/..", 'close_preview_button': 'xpath>//html/body/div[3]/div/div[2]/div/div[2]/button/span', 'public_table': 'xpath>//table/tbody', 'delete_button': "xpath>//a[contains(text(),'删除')]", 'determine_button': "xpath>//span[contains(text(),'确 定')]/..", 'cancel_button': "xpath>//span[contains(text(),'取 消')]/.."}
Mon, 29 Jul 2019 16:05:12 log.py[line:22] INFO 定位类型xpath,定位地址//table/tbody
Mon, 29 Jul 2019 16:05:13 log.py[line:22] INFO 选择取消
Mon, 29 Jul 2019 16:05:13 log.py[line:22] INFO 定位类型xpath,定位地址//span[contains(text(),'取 消')]/..
Mon, 29 Jul 2019 16:05:13 log.py[line:22] INFO 输入的测试数据:  第1行   第1列  内容0
Mon, 29 Jul 2019 16:05:13 log.py[line:22] INFO 返回配置的元素定位信息{'announcement.page': "xpath>//span[contains(text(),'小区信息管理')]", 'announcement.list': 'xpath>//*[@id="0$Menu"]/li[1]', 'announcement.analysis': "xpath>//span[contains(text(),'公告分析')]", 'announcement.page.communityselect': 'xpath>//li[@role="option"]', 'lableprompt1': "xpath>//li[contains(text(),'温馨提示')]", 'announcement.page.communitynotice': "xpath>//li[contains(text(),'紧急通知')]", 'announcement.page.communitypropaganda': "xpath>//li[contains(text(),'小区宣传')]", 'announcement.page.communityactivity': "xpath>//li[contains(text(),'小区活动')]", 'announcement.page,lableinput': 'xpath>//input[@placeholder="请输入标题内容"]', 'add_announcement_button': "xpath>//span[contains(text(),'新建公告')]/..", 'add_announcement_inputlable': 'xpath>//input[@placeholder="请输入标题"]', 'add_announcement_inputissuer': 'xpath>//input[@placeholder="请输入发布方"]', 'set_lable_announcement': 'xpath>//*[@id="layout"]/div/div/div/div[2]/div[1]/form/div[3]/div[2]/div/span/div/div', 'add_announcement_inputcover': 'xpath>//input[@type="file"]', 'add_announcement_div': 'xpath>//*[@id="layout"]/div/div/div/div[2]/div[1]/form/div[7]/div[2]/div/span/div/div/div[2]/div/div/div', 'save_announcement': "xpath>//span[contains(text(),'保 存')]/..", 'preview_announcement': "xpath>//span[contains(text(),'预 览')]/..", 'return_announcement': 'xpath>//html/body/div[2]/div/div[2]/div/div[2]/button', 'release_announcement': "xpath>//span[contains(text(),'发 布')]/..", 'cancel_announcement': "xpath>//span[contains(text(),'取 消')]/..", 'announcement_table': 'xpath>//table/tbody'}
Mon, 29 Jul 2019 16:05:13 log.py[line:22] INFO 定位类型xpath,定位地址//span[contains(text(),'小区信息管理')]
Mon, 29 Jul 2019 16:06:33 log.py[line:22] INFO 验证测试数据哈哈哈
Mon, 29 Jul 2019 16:06:39 log.py[line:22] INFO 定位类型xpath,定位地址//*[@id="root"]/div/div[2]/div[2]/div[2]/form/div[1]/div/div/span/span/input
Mon, 29 Jul 2019 16:06:39 log.py[line:22] INFO 定位类型xpath,定位地址//*[@id="root"]/div/div[2]/div[2]/div[2]/form/div[2]/div/div/span/span/input
Mon, 29 Jul 2019 16:06:39 log.py[line:22] INFO 定位类型xpath,定位地址//*[@id="root"]/div/div[2]/div[2]/div[2]/form/div[3]/div/div/span/div/div/div
Mon, 29 Jul 2019 16:06:40 log.py[line:22] INFO 定位类型xpath,定位地址//li[contains(text(),'收费大屏')]
Mon, 29 Jul 2019 16:06:43 log.py[line:22] INFO 定位类型xpath,定位地址//span[contains(text(),'登 录')]/..
Mon, 29 Jul 2019 16:06:46 log.py[line:22] INFO 定位类型xpath,定位地址//div[contains(text(),'基础服务')]
Mon, 29 Jul 2019 16:06:49 log.py[line:22] INFO 输入的测试数据:  第1行   第1列  内容0
Mon, 29 Jul 2019 16:06:49 log.py[line:22] INFO 返回配置的元素定位信息{'public.page': "xpath>//span[contains(text(),'小区信息管理')]", 'public.list': "xpath>//span[contains(text(),'服务公示列表')]", 'public.page.communityselect': 'xpath>//li[@role="option"]', 'add_public_button': "xpath>//span[contains(text(),'服务公示')]/preceding-sibling::i/..", 'add_public_inputlable': 'xpath>//input[@placeholder="请输入标题"]', 'add_public_inputissuer': 'xpath>//input[@placeholder="请输入发布方"]', 'set_lable_public': 'xpath>//*[@id="layout"]/div/div/div/div[2]/div[1]/form/div[3]/div[2]/div/span/div/div', 'public_lableprompt1': "xpath>//li[contains(text(),'资质公示')]", 'public.page.communitynotice': "xpath>//li[contains(text(),'物业服务')]", 'public.page.communitypropaganda': "xpath>//li[contains(text(),'收费标准')]", 'public.page.communityactivity': "xpath>//li[contains(text(),'设备运行公示')]", 'add_public_inputcover': 'xpath>//input[@type="file"]', 'add_public_div': 'xpath>//*[@id="layout"]/div/div/div/div[2]/div[1]/form/div[7]/div[2]/div/span/div/div/div[2]/div/div/div', 'release_public': "xpath>//span[contains(text(),'发 布')]/..", 'create_save_public': "xpath>//span[contains(text(),'保 存')]/..", 'preview_button': "xpath>//span[contains(text(),'预 览')]/..", 'close_preview_button': 'xpath>//html/body/div[3]/div/div[2]/div/div[2]/button/span', 'public_table': 'xpath>//table/tbody', 'delete_button': "xpath>//a[contains(text(),'删除')]", 'determine_button': "xpath>//span[contains(text(),'确 定')]/..", 'cancel_button': "xpath>//span[contains(text(),'取 消')]/.."}
Mon, 29 Jul 2019 16:06:49 log.py[line:22] INFO 定位类型xpath,定位地址//span[contains(text(),'小区信息管理')]
Mon, 29 Jul 2019 16:06:50 log.py[line:22] INFO 定位类型xpath,定位地址//span[contains(text(),'服务公示列表')]
Mon, 29 Jul 2019 16:06:50 log.py[line:22] INFO 定位类型xpath,定位地址//table/tbody
Mon, 29 Jul 2019 16:06:55 log.py[line:22] INFO 返回配置的元素定位信息{'public.page': "xpath>//span[contains(text(),'小区信息管理')]", 'public.list': "xpath>//span[contains(text(),'服务公示列表')]", 'public.page.communityselect': 'xpath>//li[@role="option"]', 'add_public_button': "xpath>//span[contains(text(),'服务公示')]/preceding-sibling::i/..", 'add_public_inputlable': 'xpath>//input[@placeholder="请输入标题"]', 'add_public_inputissuer': 'xpath>//input[@placeholder="请输入发布方"]', 'set_lable_public': 'xpath>//*[@id="layout"]/div/div/div/div[2]/div[1]/form/div[3]/div[2]/div/span/div/div', 'public_lableprompt1': "xpath>//li[contains(text(),'资质公示')]", 'public.page.communitynotice': "xpath>//li[contains(text(),'物业服务')]", 'public.page.communitypropaganda': "xpath>//li[contains(text(),'收费标准')]", 'public.page.communityactivity': "xpath>//li[contains(text(),'设备运行公示')]", 'add_public_inputcover': 'xpath>//input[@type="file"]', 'add_public_div': 'xpath>//*[@id="layout"]/div/div/div/div[2]/div[1]/form/div[7]/div[2]/div/span/div/div/div[2]/div/div/div', 'release_public': "xpath>//span[contains(text(),'发 布')]/..", 'create_save_public': "xpath>//span[contains(text(),'保 存')]/..", 'preview_button': "xpath>//span[contains(text(),'预 览')]/..", 'close_preview_button': 'xpath>//html/body/div[3]/div/div[2]/div/div[2]/button/span', 'public_table': 'xpath>//table/tbody', 'delete_button': "xpath>//a[contains(text(),'删除')]", 'determine_button': "xpath>//span[contains(text(),'确 定')]/..", 'cancel_button': "xpath>//span[contains(text(),'取 消')]/.."}
Mon, 29 Jul 2019 16:06:55 log.py[line:22] INFO 输入的测试数据:  第1行   第6列  
Mon, 29 Jul 2019 16:06:55 log.py[line:22] INFO 返回配置的元素定位信息{'public.page': "xpath>//span[contains(text(),'小区信息管理')]", 'public.list': "xpath>//span[contains(text(),'服务公示列表')]", 'public.page.communityselect': 'xpath>//li[@role="option"]', 'add_public_button': "xpath>//span[contains(text(),'服务公示')]/preceding-sibling::i/..", 'add_public_inputlable': 'xpath>//input[@placeholder="请输入标题"]', 'add_public_inputissuer': 'xpath>//input[@placeholder="请输入发布方"]', 'set_lable_public': 'xpath>//*[@id="layout"]/div/div/div/div[2]/div[1]/form/div[3]/div[2]/div/span/div/div', 'public_lableprompt1': "xpath>//li[contains(text(),'资质公示')]", 'public.page.communitynotice': "xpath>//li[contains(text(),'物业服务')]", 'public.page.communitypropaganda': "xpath>//li[contains(text(),'收费标准')]", 'public.page.communityactivity': "xpath>//li[contains(text(),'设备运行公示')]", 'add_public_inputcover': 'xpath>//input[@type="file"]', 'add_public_div': 'xpath>//*[@id="layout"]/div/div/div/div[2]/div[1]/form/div[7]/div[2]/div/span/div/div/div[2]/div/div/div', 'release_public': "xpath>//span[contains(text(),'发 布')]/..", 'create_save_public': "xpath>//span[contains(text(),'保 存')]/..", 'preview_button': "xpath>//span[contains(text(),'预 览')]/..", 'close_preview_button': 'xpath>//html/body/div[3]/div/div[2]/div/div[2]/button/span', 'public_table': 'xpath>//table/tbody', 'delete_button': "xpath>//a[contains(text(),'删除')]", 'determine_button': "xpath>//span[contains(text(),'确 定')]/..", 'cancel_button': "xpath>//span[contains(text(),'取 消')]/.."}
Mon, 29 Jul 2019 16:06:55 log.py[line:22] INFO 定位类型xpath,定位地址//table/tbody
Mon, 29 Jul 2019 16:06:56 log.py[line:22] INFO 选择取消
Mon, 29 Jul 2019 16:06:56 log.py[line:22] INFO 定位类型xpath,定位地址//span[contains(text(),'取 消')]/..
Mon, 29 Jul 2019 16:06:56 log.py[line:22] INFO 输入的测试数据:  第1行   第1列  内容0
Mon, 29 Jul 2019 16:06:56 log.py[line:22] INFO 返回配置的元素定位信息{'public.page': "xpath>//span[contains(text(),'小区信息管理')]", 'public.list': "xpath>//span[contains(text(),'服务公示列表')]", 'public.page.communityselect': 'xpath>//li[@role="option"]', 'add_public_button': "xpath>//span[contains(text(),'服务公示')]/preceding-sibling::i/..", 'add_public_inputlable': 'xpath>//input[@placeholder="请输入标题"]', 'add_public_inputissuer': 'xpath>//input[@placeholder="请输入发布方"]', 'set_lable_public': 'xpath>//*[@id="layout"]/div/div/div/div[2]/div[1]/form/div[3]/div[2]/div/span/div/div', 'public_lableprompt1': "xpath>//li[contains(text(),'资质公示')]", 'public.page.communitynotice': "xpath>//li[contains(text(),'物业服务')]", 'public.page.communitypropaganda': "xpath>//li[contains(text(),'收费标准')]", 'public.page.communityactivity': "xpath>//li[contains(text(),'设备运行公示')]", 'add_public_inputcover': 'xpath>//input[@type="file"]', 'add_public_div': 'xpath>//*[@id="layout"]/div/div/div/div[2]/div[1]/form/div[7]/div[2]/div/span/div/div/div[2]/div/div/div', 'release_public': "xpath>//span[contains(text(),'发 布')]/..", 'create_save_public': "xpath>//span[contains(text(),'保 存')]/..", 'preview_button': "xpath>//span[contains(text(),'预 览')]/..", 'close_preview_button': 'xpath>//html/body/div[3]/div/div[2]/div/div[2]/button/span', 'public_table': 'xpath>//table/tbody', 'delete_button': "xpath>//a[contains(text(),'删除')]", 'determine_button': "xpath>//span[contains(text(),'确 定')]/..", 'cancel_button': "xpath>//span[contains(text(),'取 消')]/.."}
Mon, 29 Jul 2019 16:06:56 log.py[line:22] INFO 定位类型xpath,定位地址//span[contains(text(),'小区信息管理')]
Mon, 29 Jul 2019 16:09:47 log.py[line:22] INFO 验证测试数据哈哈哈
Mon, 29 Jul 2019 16:09:53 log.py[line:22] INFO 定位类型xpath,定位地址//*[@id="root"]/div/div[2]/div[2]/div[2]/form/div[1]/div/div/span/span/input
Mon, 29 Jul 2019 16:09:53 log.py[line:22] INFO 定位类型xpath,定位地址//*[@id="root"]/div/div[2]/div[2]/div[2]/form/div[2]/div/div/span/span/input
Mon, 29 Jul 2019 16:09:53 log.py[line:22] INFO 定位类型xpath,定位地址//*[@id="root"]/div/div[2]/div[2]/div[2]/form/div[3]/div/div/span/div/div/div
Mon, 29 Jul 2019 16:09:54 log.py[line:22] INFO 定位类型xpath,定位地址//li[contains(text(),'收费大屏')]
Mon, 29 Jul 2019 16:09:57 log.py[line:22] INFO 定位类型xpath,定位地址//span[contains(text(),'登 录')]/..
Mon, 29 Jul 2019 16:10:00 log.py[line:22] INFO 定位类型xpath,定位地址//div[contains(text(),'基础服务')]
Mon, 29 Jul 2019 16:10:05 log.py[line:22] INFO 输入的测试数据:  第1行   第1列  内容0
Mon, 29 Jul 2019 16:10:05 log.py[line:22] INFO 返回配置的元素定位信息{'public.page': "xpath>//span[contains(text(),'小区信息管理')]", 'public.list': "xpath>//span[contains(text(),'服务公示列表')]", 'public.page.communityselect': 'xpath>//li[@role="option"]', 'add_public_button': "xpath>//span[contains(text(),'服务公示')]/preceding-sibling::i/..", 'add_public_inputlable': 'xpath>//input[@placeholder="请输入标题"]', 'add_public_inputissuer': 'xpath>//input[@placeholder="请输入发布方"]', 'set_lable_public': 'xpath>//*[@id="layout"]/div/div/div/div[2]/div[1]/form/div[3]/div[2]/div/span/div/div', 'public_lableprompt1': "xpath>//li[contains(text(),'资质公示')]", 'public.page.communitynotice': "xpath>//li[contains(text(),'物业服务')]", 'public.page.communitypropaganda': "xpath>//li[contains(text(),'收费标准')]", 'public.page.communityactivity': "xpath>//li[contains(text(),'设备运行公示')]", 'add_public_inputcover': 'xpath>//input[@type="file"]', 'add_public_div': 'xpath>//*[@id="layout"]/div/div/div/div[2]/div[1]/form/div[7]/div[2]/div/span/div/div/div[2]/div/div/div', 'release_public': "xpath>//span[contains(text(),'发 布')]/..", 'create_save_public': "xpath>//span[contains(text(),'保 存')]/..", 'preview_button': "xpath>//span[contains(text(),'预 览')]/..", 'close_preview_button': 'xpath>//html/body/div[3]/div/div[2]/div/div[2]/button/span', 'public_table': 'xpath>//table/tbody', 'delete_button': "xpath>//a[contains(text(),'删除')]", 'determine_button': "xpath>//span[contains(text(),'确 定')]/..", 'cancel_button': "xpath>//span[contains(text(),'取 消')]/.."}
Mon, 29 Jul 2019 16:10:05 log.py[line:22] INFO 定位类型xpath,定位地址//span[contains(text(),'小区信息管理')]
Mon, 29 Jul 2019 16:10:07 log.py[line:22] INFO 定位类型xpath,定位地址//span[contains(text(),'服务公示列表')]
Mon, 29 Jul 2019 16:10:07 log.py[line:22] INFO 定位类型xpath,定位地址//table/tbody
Mon, 29 Jul 2019 16:10:12 log.py[line:22] INFO 返回配置的元素定位信息{'public.page': "xpath>//span[contains(text(),'小区信息管理')]", 'public.list': "xpath>//span[contains(text(),'服务公示列表')]", 'public.page.communityselect': 'xpath>//li[@role="option"]', 'add_public_button': "xpath>//span[contains(text(),'服务公示')]/preceding-sibling::i/..", 'add_public_inputlable': 'xpath>//input[@placeholder="请输入标题"]', 'add_public_inputissuer': 'xpath>//input[@placeholder="请输入发布方"]', 'set_lable_public': 'xpath>//*[@id="layout"]/div/div/div/div[2]/div[1]/form/div[3]/div[2]/div/span/div/div', 'public_lableprompt1': "xpath>//li[contains(text(),'资质公示')]", 'public.page.communitynotice': "xpath>//li[contains(text(),'物业服务')]", 'public.page.communitypropaganda': "xpath>//li[contains(text(),'收费标准')]", 'public.page.communityactivity': "xpath>//li[contains(text(),'设备运行公示')]", 'add_public_inputcover': 'xpath>//input[@type="file"]', 'add_public_div': 'xpath>//*[@id="layout"]/div/div/div/div[2]/div[1]/form/div[7]/div[2]/div/span/div/div/div[2]/div/div/div', 'release_public': "xpath>//span[contains(text(),'发 布')]/..", 'create_save_public': "xpath>//span[contains(text(),'保 存')]/..", 'preview_button': "xpath>//span[contains(text(),'预 览')]/..", 'close_preview_button': 'xpath>//html/body/div[3]/div/div[2]/div/div[2]/button/span', 'public_table': 'xpath>//table/tbody', 'delete_button': "xpath>//a[contains(text(),'删除')]", 'determine_button': "xpath>//span[contains(text(),'确 定')]/..", 'cancel_button': "xpath>//span[contains(text(),'取 消')]/.."}
Mon, 29 Jul 2019 16:10:12 log.py[line:22] INFO 输入的测试数据:  第1行   第6列  
Mon, 29 Jul 2019 16:10:12 log.py[line:22] INFO 返回配置的元素定位信息{'public.page': "xpath>//span[contains(text(),'小区信息管理')]", 'public.list': "xpath>//span[contains(text(),'服务公示列表')]", 'public.page.communityselect': 'xpath>//li[@role="option"]', 'add_public_button': "xpath>//span[contains(text(),'服务公示')]/preceding-sibling::i/..", 'add_public_inputlable': 'xpath>//input[@placeholder="请输入标题"]', 'add_public_inputissuer': 'xpath>//input[@placeholder="请输入发布方"]', 'set_lable_public': 'xpath>//*[@id="layout"]/div/div/div/div[2]/div[1]/form/div[3]/div[2]/div/span/div/div', 'public_lableprompt1': "xpath>//li[contains(text(),'资质公示')]", 'public.page.communitynotice': "xpath>//li[contains(text(),'物业服务')]", 'public.page.communitypropaganda': "xpath>//li[contains(text(),'收费标准')]", 'public.page.communityactivity': "xpath>//li[contains(text(),'设备运行公示')]", 'add_public_inputcover': 'xpath>//input[@type="file"]', 'add_public_div': 'xpath>//*[@id="layout"]/div/div/div/div[2]/div[1]/form/div[7]/div[2]/div/span/div/div/div[2]/div/div/div', 'release_public': "xpath>//span[contains(text(),'发 布')]/..", 'create_save_public': "xpath>//span[contains(text(),'保 存')]/..", 'preview_button': "xpath>//span[contains(text(),'预 览')]/..", 'close_preview_button': 'xpath>//html/body/div[3]/div/div[2]/div/div[2]/button/span', 'public_table': 'xpath>//table/tbody', 'delete_button': "xpath>//a[contains(text(),'删除')]", 'determine_button': "xpath>//span[contains(text(),'确 定')]/..", 'cancel_button': "xpath>//span[contains(text(),'取 消')]/.."}
Mon, 29 Jul 2019 16:10:12 log.py[line:22] INFO 定位类型xpath,定位地址//table/tbody
Mon, 29 Jul 2019 16:10:12 log.py[line:22] INFO 选择取消
Mon, 29 Jul 2019 16:10:12 log.py[line:22] INFO 定位类型xpath,定位地址//span[contains(text(),'取 消')]/..
Mon, 29 Jul 2019 16:10:12 log.py[line:22] INFO 输入的测试数据:  第1行   第1列  内容1
Mon, 29 Jul 2019 16:11:42 log.py[line:22] INFO 验证测试数据哈哈哈
Mon, 29 Jul 2019 16:11:47 log.py[line:22] INFO 定位类型xpath,定位地址//*[@id="root"]/div/div[2]/div[2]/div[2]/form/div[1]/div/div/span/span/input
Mon, 29 Jul 2019 16:11:47 log.py[line:22] INFO 定位类型xpath,定位地址//*[@id="root"]/div/div[2]/div[2]/div[2]/form/div[2]/div/div/span/span/input
Mon, 29 Jul 2019 16:11:47 log.py[line:22] INFO 定位类型xpath,定位地址//*[@id="root"]/div/div[2]/div[2]/div[2]/form/div[3]/div/div/span/div/div/div
Mon, 29 Jul 2019 16:11:48 log.py[line:22] INFO 定位类型xpath,定位地址//li[contains(text(),'收费大屏')]
Mon, 29 Jul 2019 16:11:51 log.py[line:22] INFO 定位类型xpath,定位地址//span[contains(text(),'登 录')]/..
Mon, 29 Jul 2019 16:11:54 log.py[line:22] INFO 定位类型xpath,定位地址//div[contains(text(),'基础服务')]
Mon, 29 Jul 2019 16:11:59 log.py[line:22] INFO 输入的测试数据:  第1行   第1列  内容0
Mon, 29 Jul 2019 16:11:59 log.py[line:22] INFO 返回配置的元素定位信息{'public.page': "xpath>//span[contains(text(),'小区信息管理')]", 'public.list': "xpath>//span[contains(text(),'服务公示列表')]", 'public.page.communityselect': 'xpath>//li[@role="option"]', 'add_public_button': "xpath>//span[contains(text(),'服务公示')]/preceding-sibling::i/..", 'add_public_inputlable': 'xpath>//input[@placeholder="请输入标题"]', 'add_public_inputissuer': 'xpath>//input[@placeholder="请输入发布方"]', 'set_lable_public': 'xpath>//*[@id="layout"]/div/div/div/div[2]/div[1]/form/div[3]/div[2]/div/span/div/div', 'public_lableprompt1': "xpath>//li[contains(text(),'资质公示')]", 'public.page.communitynotice': "xpath>//li[contains(text(),'物业服务')]", 'public.page.communitypropaganda': "xpath>//li[contains(text(),'收费标准')]", 'public.page.communityactivity': "xpath>//li[contains(text(),'设备运行公示')]", 'add_public_inputcover': 'xpath>//input[@type="file"]', 'add_public_div': 'xpath>//*[@id="layout"]/div/div/div/div[2]/div[1]/form/div[7]/div[2]/div/span/div/div/div[2]/div/div/div', 'release_public': "xpath>//span[contains(text(),'发 布')]/..", 'create_save_public': "xpath>//span[contains(text(),'保 存')]/..", 'preview_button': "xpath>//span[contains(text(),'预 览')]/..", 'close_preview_button': 'xpath>//html/body/div[3]/div/div[2]/div/div[2]/button/span', 'public_table': 'xpath>//table/tbody', 'delete_button': "xpath>//a[contains(text(),'删除')]", 'determine_button': "xpath>//span[contains(text(),'确 定')]/..", 'cancel_button': "xpath>//span[contains(text(),'取 消')]/.."}
Mon, 29 Jul 2019 16:11:59 log.py[line:22] INFO 定位类型xpath,定位地址//span[contains(text(),'小区信息管理')]
Mon, 29 Jul 2019 16:12:00 log.py[line:22] INFO 定位类型xpath,定位地址//span[contains(text(),'服务公示列表')]
Mon, 29 Jul 2019 16:12:01 log.py[line:22] INFO 定位类型xpath,定位地址//table/tbody
Mon, 29 Jul 2019 16:12:05 log.py[line:22] INFO 返回配置的元素定位信息{'public.page': "xpath>//span[contains(text(),'小区信息管理')]", 'public.list': "xpath>//span[contains(text(),'服务公示列表')]", 'public.page.communityselect': 'xpath>//li[@role="option"]', 'add_public_button': "xpath>//span[contains(text(),'服务公示')]/preceding-sibling::i/..", 'add_public_inputlable': 'xpath>//input[@placeholder="请输入标题"]', 'add_public_inputissuer': 'xpath>//input[@placeholder="请输入发布方"]', 'set_lable_public': 'xpath>//*[@id="layout"]/div/div/div/div[2]/div[1]/form/div[3]/div[2]/div/span/div/div', 'public_lableprompt1': "xpath>//li[contains(text(),'资质公示')]", 'public.page.communitynotice': "xpath>//li[contains(text(),'物业服务')]", 'public.page.communitypropaganda': "xpath>//li[contains(text(),'收费标准')]", 'public.page.communityactivity': "xpath>//li[contains(text(),'设备运行公示')]", 'add_public_inputcover': 'xpath>//input[@type="file"]', 'add_public_div': 'xpath>//*[@id="layout"]/div/div/div/div[2]/div[1]/form/div[7]/div[2]/div/span/div/div/div[2]/div/div/div', 'release_public': "xpath>//span[contains(text(),'发 布')]/..", 'create_save_public': "xpath>//span[contains(text(),'保 存')]/..", 'preview_button': "xpath>//span[contains(text(),'预 览')]/..", 'close_preview_button': 'xpath>//html/body/div[3]/div/div[2]/div/div[2]/button/span', 'public_table': 'xpath>//table/tbody', 'delete_button': "xpath>//a[contains(text(),'删除')]", 'determine_button': "xpath>//span[contains(text(),'确 定')]/..", 'cancel_button': "xpath>//span[contains(text(),'取 消')]/.."}
Mon, 29 Jul 2019 16:12:05 log.py[line:22] INFO 输入的测试数据:  第1行   第6列  
Mon, 29 Jul 2019 16:12:05 log.py[line:22] INFO 返回配置的元素定位信息{'public.page': "xpath>//span[contains(text(),'小区信息管理')]", 'public.list': "xpath>//span[contains(text(),'服务公示列表')]", 'public.page.communityselect': 'xpath>//li[@role="option"]', 'add_public_button': "xpath>//span[contains(text(),'服务公示')]/preceding-sibling::i/..", 'add_public_inputlable': 'xpath>//input[@placeholder="请输入标题"]', 'add_public_inputissuer': 'xpath>//input[@placeholder="请输入发布方"]', 'set_lable_public': 'xpath>//*[@id="layout"]/div/div/div/div[2]/div[1]/form/div[3]/div[2]/div/span/div/div', 'public_lableprompt1': "xpath>//li[contains(text(),'资质公示')]", 'public.page.communitynotice': "xpath>//li[contains(text(),'物业服务')]", 'public.page.communitypropaganda': "xpath>//li[contains(text(),'收费标准')]", 'public.page.communityactivity': "xpath>//li[contains(text(),'设备运行公示')]", 'add_public_inputcover': 'xpath>//input[@type="file"]', 'add_public_div': 'xpath>//*[@id="layout"]/div/div/div/div[2]/div[1]/form/div[7]/div[2]/div/span/div/div/div[2]/div/div/div', 'release_public': "xpath>//span[contains(text(),'发 布')]/..", 'create_save_public': "xpath>//span[contains(text(),'保 存')]/..", 'preview_button': "xpath>//span[contains(text(),'预 览')]/..", 'close_preview_button': 'xpath>//html/body/div[3]/div/div[2]/div/div[2]/button/span', 'public_table': 'xpath>//table/tbody', 'delete_button': "xpath>//a[contains(text(),'删除')]", 'determine_button': "xpath>//span[contains(text(),'确 定')]/..", 'cancel_button': "xpath>//span[contains(text(),'取 消')]/.."}
Mon, 29 Jul 2019 16:12:05 log.py[line:22] INFO 定位类型xpath,定位地址//table/tbody
Mon, 29 Jul 2019 16:12:06 log.py[line:22] INFO 选择取消
Mon, 29 Jul 2019 16:12:06 log.py[line:22] INFO 定位类型xpath,定位地址//span[contains(text(),'取 消')]/..
Mon, 29 Jul 2019 16:12:06 log.py[line:22] INFO 输入的测试数据:  第1行   第1列  内容1
Mon, 29 Jul 2019 16:12:06 log.py[line:22] INFO 返回配置的元素定位信息{'public.page': "xpath>//span[contains(text(),'小区信息管理')]", 'public.list': "xpath>//span[contains(text(),'服务公示列表')]", 'public.page.communityselect': 'xpath>//li[@role="option"]', 'add_public_button': "xpath>//span[contains(text(),'服务公示')]/preceding-sibling::i/..", 'add_public_inputlable': 'xpath>//input[@placeholder="请输入标题"]', 'add_public_inputissuer': 'xpath>//input[@placeholder="请输入发布方"]', 'set_lable_public': 'xpath>//*[@id="layout"]/div/div/div/div[2]/div[1]/form/div[3]/div[2]/div/span/div/div', 'public_lableprompt1': "xpath>//li[contains(text(),'资质公示')]", 'public.page.communitynotice': "xpath>//li[contains(text(),'物业服务')]", 'public.page.communitypropaganda': "xpath>//li[contains(text(),'收费标准')]", 'public.page.communityactivity': "xpath>//li[contains(text(),'设备运行公示')]", 'add_public_inputcover': 'xpath>//input[@type="file"]', 'add_public_div': 'xpath>//*[@id="layout"]/div/div/div/div[2]/div[1]/form/div[7]/div[2]/div/span/div/div/div[2]/div/div/div', 'release_public': "xpath>//span[contains(text(),'发 布')]/..", 'create_save_public': "xpath>//span[contains(text(),'保 存')]/..", 'preview_button': "xpath>//span[contains(text(),'预 览')]/..", 'close_preview_button': 'xpath>//html/body/div[3]/div/div[2]/div/div[2]/button/span', 'public_table': 'xpath>//table/tbody', 'delete_button': "xpath>//a[contains(text(),'删除')]", 'determine_button': "xpath>//span[contains(text(),'确 定')]/..", 'cancel_button': "xpath>//span[contains(text(),'取 消')]/.."}
Mon, 29 Jul 2019 16:12:06 log.py[line:22] INFO 定位类型xpath,定位地址//table/tbody
Mon, 29 Jul 2019 18:19:10 log.py[line:22] INFO 验证测试数据哈哈哈
Mon, 29 Jul 2019 18:19:17 log.py[line:22] INFO 定位类型xpath,定位地址//*[@id="root"]/div/div[2]/div[2]/div[2]/form/div[1]/div/div/span/span/input
Mon, 29 Jul 2019 18:19:18 log.py[line:22] INFO 定位类型xpath,定位地址//*[@id="root"]/div/div[2]/div[2]/div[2]/form/div[2]/div/div/span/span/input
Mon, 29 Jul 2019 18:19:18 log.py[line:22] INFO 定位类型xpath,定位地址//*[@id="root"]/div/div[2]/div[2]/div[2]/form/div[3]/div/div/span/div/div/div
Mon, 29 Jul 2019 18:19:19 log.py[line:22] INFO 定位类型xpath,定位地址//li[contains(text(),'收费大屏')]
Mon, 29 Jul 2019 18:19:22 log.py[line:22] INFO 定位类型xpath,定位地址//span[contains(text(),'登 录')]/..
Mon, 29 Jul 2019 18:19:25 log.py[line:22] INFO 定位类型xpath,定位地址//div[contains(text(),'基础服务')]
Mon, 29 Jul 2019 18:19:28 log.py[line:22] INFO 返回配置的元素定位信息{'public.page': "xpath>//span[contains(text(),'小区信息管理')]", 'public.list': "xpath>//span[contains(text(),'服务公示列表')]", 'public.page.communityselect': 'xpath>//li[@role="option"]', 'add_public_button': "xpath>//span[contains(text(),'服务公示')]/preceding-sibling::i/..", 'add_public_inputlable': 'xpath>//input[@placeholder="请输入标题"]', 'add_public_inputissuer': 'xpath>//input[@placeholder="请输入发布方"]', 'set_lable_public': 'xpath>//*[@id="layout"]/div/div/div/div[2]/div[1]/form/div[3]/div[2]/div/span/div/div', 'public_lableprompt1': "xpath>//li[contains(text(),'资质公示')]", 'public.page.communitynotice': "xpath>//li[contains(text(),'物业服务')]", 'public.page.communitypropaganda': "xpath>//li[contains(text(),'收费标准')]", 'public.page.communityactivity': "xpath>//li[contains(text(),'设备运行公示')]", 'add_public_inputcover': 'xpath>//input[@type="file"]', 'add_public_div': 'xpath>//*[@id="layout"]/div/div/div/div[2]/div[1]/form/div[7]/div[2]/div/span/div/div/div[2]/div/div/div', 'release_public': "xpath>//span[contains(text(),'发 布')]/..", 'create_save_public': "xpath>//span[contains(text(),'保 存')]/..", 'preview_button': "xpath>//span[contains(text(),'预 览')]/..", 'close_preview_button': 'xpath>//html/body/div[3]/div/div[2]/div/div[2]/button/span', 'public_table': 'xpath>//table/tbody', 'delete_button': "xpath>//a[contains(text(),'删除')]", 'determine_button': "xpath>//span[contains(text(),'确 定')]/..", 'cancel_button': "xpath>//span[contains(text(),'取 消')]/..", 'slect_lable_public': "xpath>//div[contains(text(),'请选择标签')]/..", 'selectpublic_lableprompt1': "xpath>//li[contains(text(),'资质公示')]", 'selectpublic_page_communitynotice': "xpath>//li[contains(text(),'物业服务')]", 'selectpublic_page_communitypropaganda': "xpath>//li[contains(text(),'收费标准')]", 'selectpublic_page_communityactivity': "xpath>//li[contains(text(),'设备运行公示')]", 'selectpublic_type1_loable': "xpath>//span[contains(text(),'未发布')]", 'selectpublic_type2_loable': "xpath>//span[contains(text(),'已发布')]", 'selectpublic_type3_loable': "xpath>//span[contains(text(),'已删除')]"}
Mon, 29 Jul 2019 18:19:28 log.py[line:22] INFO 定位类型xpath,定位地址//table/tbody
Mon, 29 Jul 2019 18:20:01 log.py[line:22] INFO 验证测试数据哈哈哈
Mon, 29 Jul 2019 18:20:07 log.py[line:22] INFO 定位类型xpath,定位地址//*[@id="root"]/div/div[2]/div[2]/div[2]/form/div[1]/div/div/span/span/input
Mon, 29 Jul 2019 18:20:07 log.py[line:22] INFO 定位类型xpath,定位地址//*[@id="root"]/div/div[2]/div[2]/div[2]/form/div[2]/div/div/span/span/input
Mon, 29 Jul 2019 18:20:08 log.py[line:22] INFO 定位类型xpath,定位地址//*[@id="root"]/div/div[2]/div[2]/div[2]/form/div[3]/div/div/span/div/div/div
Mon, 29 Jul 2019 18:20:08 log.py[line:22] INFO 定位类型xpath,定位地址//li[contains(text(),'收费大屏')]
Mon, 29 Jul 2019 18:20:11 log.py[line:22] INFO 定位类型xpath,定位地址//span[contains(text(),'登 录')]/..
Mon, 29 Jul 2019 18:20:15 log.py[line:22] INFO 定位类型xpath,定位地址//div[contains(text(),'基础服务')]
Mon, 29 Jul 2019 18:20:18 log.py[line:22] INFO 返回配置的元素定位信息{'public.page': "xpath>//span[contains(text(),'小区信息管理')]", 'public.list': "xpath>//span[contains(text(),'服务公示列表')]", 'public.page.communityselect': 'xpath>//li[@role="option"]', 'add_public_button': "xpath>//span[contains(text(),'服务公示')]/preceding-sibling::i/..", 'add_public_inputlable': 'xpath>//input[@placeholder="请输入标题"]', 'add_public_inputissuer': 'xpath>//input[@placeholder="请输入发布方"]', 'set_lable_public': 'xpath>//*[@id="layout"]/div/div/div/div[2]/div[1]/form/div[3]/div[2]/div/span/div/div', 'public_lableprompt1': "xpath>//li[contains(text(),'资质公示')]", 'public.page.communitynotice': "xpath>//li[contains(text(),'物业服务')]", 'public.page.communitypropaganda': "xpath>//li[contains(text(),'收费标准')]", 'public.page.communityactivity': "xpath>//li[contains(text(),'设备运行公示')]", 'add_public_inputcover': 'xpath>//input[@type="file"]', 'add_public_div': 'xpath>//*[@id="layout"]/div/div/div/div[2]/div[1]/form/div[7]/div[2]/div/span/div/div/div[2]/div/div/div', 'release_public': "xpath>//span[contains(text(),'发 布')]/..", 'create_save_public': "xpath>//span[contains(text(),'保 存')]/..", 'preview_button': "xpath>//span[contains(text(),'预 览')]/..", 'close_preview_button': 'xpath>//html/body/div[3]/div/div[2]/div/div[2]/button/span', 'public_table': 'xpath>//table/tbody', 'delete_button': "xpath>//a[contains(text(),'删除')]", 'determine_button': "xpath>//span[contains(text(),'确 定')]/..", 'cancel_button': "xpath>//span[contains(text(),'取 消')]/..", 'slect_lable_public': "xpath>//div[contains(text(),'请选择标签')]/..", 'selectpublic_lableprompt1': "xpath>//li[contains(text(),'资质公示')]", 'selectpublic_page_communitynotice': "xpath>//li[contains(text(),'物业服务')]", 'selectpublic_page_communitypropaganda': "xpath>//li[contains(text(),'收费标准')]", 'selectpublic_page_communityactivity': "xpath>//li[contains(text(),'设备运行公示')]", 'selectpublic_type1_loable': "xpath>//span[contains(text(),'未发布')]", 'selectpublic_type2_loable': "xpath>//span[contains(text(),'已发布')]", 'selectpublic_type3_loable': "xpath>//span[contains(text(),'已删除')]"}
Mon, 29 Jul 2019 18:20:18 log.py[line:22] INFO 定位类型xpath,定位地址//span[contains(text(),'小区信息管理')]
Mon, 29 Jul 2019 18:20:20 log.py[line:22] INFO 定位类型xpath,定位地址//span[contains(text(),'服务公示列表')]
Mon, 29 Jul 2019 18:20:20 log.py[line:22] INFO 返回配置的元素定位信息{'public.page': "xpath>//span[contains(text(),'小区信息管理')]", 'public.list': "xpath>//span[contains(text(),'服务公示列表')]", 'public.page.communityselect': 'xpath>//li[@role="option"]', 'add_public_button': "xpath>//span[contains(text(),'服务公示')]/preceding-sibling::i/..", 'add_public_inputlable': 'xpath>//input[@placeholder="请输入标题"]', 'add_public_inputissuer': 'xpath>//input[@placeholder="请输入发布方"]', 'set_lable_public': 'xpath>//*[@id="layout"]/div/div/div/div[2]/div[1]/form/div[3]/div[2]/div/span/div/div', 'public_lableprompt1': "xpath>//li[contains(text(),'资质公示')]", 'public.page.communitynotice': "xpath>//li[contains(text(),'物业服务')]", 'public.page.communitypropaganda': "xpath>//li[contains(text(),'收费标准')]", 'public.page.communityactivity': "xpath>//li[contains(text(),'设备运行公示')]", 'add_public_inputcover': 'xpath>//input[@type="file"]', 'add_public_div': 'xpath>//*[@id="layout"]/div/div/div/div[2]/div[1]/form/div[7]/div[2]/div/span/div/div/div[2]/div/div/div', 'release_public': "xpath>//span[contains(text(),'发 布')]/..", 'create_save_public': "xpath>//span[contains(text(),'保 存')]/..", 'preview_button': "xpath>//span[contains(text(),'预 览')]/..", 'close_preview_button': 'xpath>//html/body/div[3]/div/div[2]/div/div[2]/button/span', 'public_table': 'xpath>//table/tbody', 'delete_button': "xpath>//a[contains(text(),'删除')]", 'determine_button': "xpath>//span[contains(text(),'确 定')]/..", 'cancel_button': "xpath>//span[contains(text(),'取 消')]/..", 'slect_lable_public': "xpath>//div[contains(text(),'请选择标签')]/..", 'selectpublic_lableprompt1': "xpath>//li[contains(text(),'资质公示')]", 'selectpublic_page_communitynotice': "xpath>//li[contains(text(),'物业服务')]", 'selectpublic_page_communitypropaganda': "xpath>//li[contains(text(),'收费标准')]", 'selectpublic_page_communityactivity': "xpath>//li[contains(text(),'设备运行公示')]", 'selectpublic_type1_loable': "xpath>//span[contains(text(),'未发布')]", 'selectpublic_type2_loable': "xpath>//span[contains(text(),'已发布')]", 'selectpublic_type3_loable': "xpath>//span[contains(text(),'已删除')]"}
Mon, 29 Jul 2019 18:20:20 log.py[line:22] INFO 定位类型xpath,定位地址//table/tbody
